2023-09-24 19:50:59.153 [info] Extension host with pid 21640 started
2023-09-24 19:50:59.192 [info] ExtensionService#_doActivateExtension vscode.git-base, startup: true, activationEvent: '*', root cause: vscode.git
2023-09-24 19:50:59.201 [info] ExtensionService#_doActivateExtension vscode.git, startup: true, activationEvent: '*'
2023-09-24 19:50:59.268 [info] ExtensionService#_doActivateExtension vscode.github, startup: true, activationEvent: '*'
2023-09-24 19:50:59.375 [info] Eager extensions activated
2023-09-24 19:50:59.420 [info] ExtensionService#_doActivateExtension vscode.github-authentication, startup: false, activationEvent: 'onAuthenticationRequest:github'
2023-09-24 19:50:59.479 [info] ExtensionService#_doActivateExtension vscode.debug-auto-launch, startup: false, activationEvent: 'onStartupFinished'
2023-09-24 19:50:59.482 [info] ExtensionService#_doActivateExtension vscode.merge-conflict, startup: false, activationEvent: 'onStartupFinished'
2023-09-24 19:50:59.547 [info] ExtensionService#_doActivateExtension vscode.microsoft-authentication, startup: false, activationEvent: 'onAuthenticationRequest:microsoft'
2023-09-24 19:51:08.628 [info] ExtensionService#_doActivateExtension vscode.json-language-features, startup: false, activationEvent: 'onLanguage:jsonc'
2023-09-24 19:51:08.683 [info] ExtensionService#_doActivateExtension vscode.typescript-language-features, startup: false, activationEvent: 'onLanguage:jsonc'
2023-09-24 19:51:08.734 [info] ExtensionService#_doActivateExtension vscode.emmet, startup: false, activationEvent: 'onLanguage'
2023-09-24 19:51:08.772 [info] Extension host terminating: renderer closed the MessagePort
2023-09-24 19:51:08.778 [error] ProxyResolver#resolveProxy DIRECT Canceled: Canceled
	at Object.I [as $4] (/usr/share/code/resources/app/out/vs/workbench/api/node/extensionHostProcess.js:10:1032)
	at /usr/share/code/resources/app/out/vs/workbench/api/node/extensionHostProcess.js:116:7647
	at Array.forEach (<anonymous>)
	at i.dispose (/usr/share/code/resources/app/out/vs/workbench/api/node/extensionHostProcess.js:116:7612)
	at n.terminate (/usr/share/code/resources/app/out/vs/workbench/api/node/extensionHostProcess.js:118:7821)
	at o.terminate (/usr/share/code/resources/app/out/vs/workbench/api/node/extensionHostProcess.js:122:1513)
	at D (/usr/share/code/resources/app/out/vs/workbench/api/node/extensionHostProcess.js:135:9800)
	at MessagePortMain.<anonymous> (/usr/share/code/resources/app/out/vs/workbench/api/node/extensionHostProcess.js:135:6225)
	at MessagePortMain.emit (node:events:513:28)
	at MessagePortMain._internalPort.emit (node:electron/js2c/utility_init:2:367) 
2023-09-24 19:51:09.815 [error] Canceled (FileSystemError): Canceled
	at k.e (/usr/share/code/resources/app/out/vs/workbench/api/node/extensionHostProcess.js:109:27846)
	at Object.createDirectory (/usr/share/code/resources/app/out/vs/workbench/api/node/extensionHostProcess.js:109:24938)
	at async m.n (/usr/share/code/resources/app/out/vs/workbench/api/node/extensionHostProcess.js:117:1625)
2023-09-24 19:51:13.778 [info] Extension host with pid 21640 exiting with code 0
